Release 14.7 - xst P.20131013 (nt)
Copyright (c) 1995-2013 Xilinx, Inc.  All rights reserved.
--> Parameter TMPDIR set to xst/projnav.tmp


Total REAL time to Xst completion: 0.00 secs
Total CPU time to Xst completion: 0.14 secs
 
--> Parameter xsthdpdir set to xst


Total REAL time to Xst completion: 0.00 secs
Total CPU time to Xst completion: 0.14 secs
 
--> Reading design: laser_surgery_sys.prj

TABLE OF CONTENTS
  1) Synthesis Options Summary
  2) HDL Compilation
  3) Design Hierarchy Analysis
  4) HDL Analysis
  5) HDL Synthesis
     5.1) HDL Synthesis Report
  6) Advanced HDL Synthesis
     6.1) Advanced HDL Synthesis Report
  7) Low Level Synthesis
  8) Partition Report
  9) Final Report
	9.1) Device utilization summary
	9.2) Partition Resource Summary
	9.3) TIMING REPORT


=========================================================================
*                      Synthesis Options Summary                        *
=========================================================================
---- Source Parameters
Input File Name                    : "laser_surgery_sys.prj"
Input Format                       : mixed
Ignore Synthesis Constraint File   : NO

---- Target Parameters
Output File Name                   : "laser_surgery_sys"
Output Format                      : NGC
Target Device                      : xc3s100e-5-cp132

---- Source Options
Top Module Name                    : laser_surgery_sys
Automatic FSM Extraction           : YES
FSM Encoding Algorithm             : Auto
Safe Implementation                : No
FSM Style                          : LUT
RAM Extraction                     : Yes
RAM Style                          : Auto
ROM Extraction                     : Yes
Mux Style                          : Auto
Decoder Extraction                 : YES
Priority Encoder Extraction        : Yes
Shift Register Extraction          : YES
Logical Shifter Extraction         : YES
XOR Collapsing                     : YES
ROM Style                          : Auto
Mux Extraction                     : Yes
Resource Sharing                   : YES
Asynchronous To Synchronous        : NO
Multiplier Style                   : Auto
Automatic Register Balancing       : No

---- Target Options
Add IO Buffers                     : YES
Global Maximum Fanout              : 100000
Add Generic Clock Buffer(BUFG)     : 24
Register Duplication               : YES
Slice Packing                      : YES
Optimize Instantiated Primitives   : NO
Use Clock Enable                   : Yes
Use Synchronous Set                : Yes
Use Synchronous Reset              : Yes
Pack IO Registers into IOBs        : Auto
Equivalent register Removal        : YES

---- General Options
Optimization Goal                  : Speed
Optimization Effort                : 1
Keep Hierarchy                     : No
Netlist Hierarchy                  : As_Optimized
RTL Output                         : Yes
Global Optimization                : AllClockNets
Read Cores                         : YES
Write Timing Constraints           : NO
Cross Clock Analysis               : NO
Hierarchy Separator                : /
Bus Delimiter                      : <>
Case Specifier                     : Maintain
Slice Utilization Ratio            : 100
BRAM Utilization Ratio             : 100
Verilog 2001                       : YES
Auto BRAM Packing                  : NO
Slice Utilization Ratio Delta      : 5

=========================================================================


=========================================================================
*                          HDL Compilation                              *
=========================================================================
Compiling verilog file "share (4)/fulladder_st.v" in library work
Compiling verilog file "share (4)/comparatorgen.v" in library work
Module <fulladder_st> compiled
Compiling verilog file "share (4)/addergen.v" in library work
Module <comparatorgen_st> compiled
Compiling verilog file "share (4)/flopr.v" in library work
Module <addergen_st> compiled
Compiling verilog file "share (4)/adder.v" in library work
Module <flopr> compiled
Compiling verilog file "share (4)/timer_st.v" in library work
Module <adder> compiled
Compiling verilog file "share (4)/laser_surgery_sys.v" in library work
Module <timer_st> compiled
Module <laser_surgery_sys> compiled
No errors in compilation
Analysis of file <"laser_surgery_sys.prj"> succeeded.
 

=========================================================================
*                     Design Hierarchy Analysis                         *
=========================================================================
Analyzing hierarchy for module <laser_surgery_sys> in library <work> with parameters.
	NBITS = "00000000000000000000000000100000"
	OFF = "00"
	ON = "10"
	START = "01"

Analyzing hierarchy for module <timer_st> in library <work> with parameters.
	NBITS = "00000000000000000000000000100000"

Analyzing hierarchy for module <adder> in library <work> with parameters.
	NBITS = "00000000000000000000000000100000"

Analyzing hierarchy for module <flopr> in library <work> with parameters.
	NBITS = "00000000000000000000000000100000"

Analyzing hierarchy for module <addergen_st> in library <work> with parameters.
	NBITS = "00000000000000000000000000100000"

Analyzing hierarchy for module <comparatorgen_st> in library <work> with parameters.
	NBITS = "00000000000000000000000000100000"

Analyzing hierarchy for module <fulladder_st> in library <work>.


=========================================================================
*                            HDL Analysis                               *
=========================================================================
Analyzing top module <laser_surgery_sys>.
	NBITS = 32'sb00000000000000000000000000100000
	OFF = 2'b00
	ON = 2'b10
	START = 2'b01
WARNING:Xst:905 - "share (4)/laser_surgery_sys.v" line 43: One or more signals are missing in the sensitivity list of always block. To enable synthesis of FPGA/CPLD hardware, XST will assume that all necessary signals are present in the sensitivity list. Please note that the result of the synthesis may differ from the initial design specification. The missing signals are:
   <timer>
Module <laser_surgery_sys> is correct for synthesis.
 
Analyzing module <timer_st> in library <work>.
	NBITS = 32'sb00000000000000000000000000100000
Module <timer_st> is correct for synthesis.
 
Analyzing module <adder> in library <work>.
	NBITS = 32'sb00000000000000000000000000100000
Module <adder> is correct for synthesis.
 
Analyzing module <addergen_st> in library <work>.
	NBITS = 32'sb00000000000000000000000000100000
Module <addergen_st> is correct for synthesis.
 
Analyzing module <fulladder_st> in library <work>.
Module <fulladder_st> is correct for synthesis.
 
Analyzing module <comparatorgen_st> in library <work>.
	NBITS = 32'sb00000000000000000000000000100000
Module <comparatorgen_st> is correct for synthesis.
 
Analyzing module <flopr> in library <work>.
	NBITS = 32'sb00000000000000000000000000100000
Module <flopr> is correct for synthesis.
 

=========================================================================
*                           HDL Synthesis                               *
=========================================================================

Performing bidirectional port resolution...

Synthesizing Unit <flopr>.
    Related source file is "share (4)/flopr.v".
    Found 32-bit register for signal <iq>.
    Summary:
	inferred  32 D-type flip-flop(s).
Unit <flopr> synthesized.


Synthesizing Unit <comparatorgen_st>.
    Related source file is "share (4)/comparatorgen.v".
Unit <comparatorgen_st> synthesized.


Synthesizing Unit <fulladder_st>.
    Related source file is "share (4)/fulladder_st.v".
    Found 1-bit xor3 for signal <r>.
    Summary:
	inferred   1 Xor(s).
Unit <fulladder_st> synthesized.


Synthesizing Unit <addergen_st>.
    Related source file is "share (4)/addergen.v".
Unit <addergen_st> synthesized.


Synthesizing Unit <adder>.
    Related source file is "share (4)/adder.v".
Unit <adder> synthesized.


Synthesizing Unit <timer_st>.
    Related source file is "share (4)/timer_st.v".
Unit <timer_st> synthesized.


Synthesizing Unit <laser_surgery_sys>.
    Related source file is "share (4)/laser_surgery_sys.v".
WARNING:Xst:647 - Input <reset> is never used. This port will be preserved and left unconnected if it belongs to a top-level block or it belongs to a sub-block and the hierarchy of this sub-block is preserved.
INFO:Xst:2117 - HDL ADVISOR - Mux Selector <current_state> of Case statement line 44 was re-encoded using one-hot encoding. The case statement will be optimized (default statement optimization), but this optimization may lead to design initialization problems. To ensure the design works safely, you can:
   	- add an 'INIT' attribute on signal <current_state> (optimization is then done without any risk)
   	- use the attribute 'signal_encoding user' to avoid onehot optimization
   	- use the attribute 'safe_implementation yes' to force XST to perform a safe (but less efficient) optimization
    Using one-hot encoding for signal <current_state>.
INFO:Xst:2117 - HDL ADVISOR - Mux Selector <current_state> of Case statement line 44 was re-encoded using one-hot encoding. The case statement will be optimized (default statement optimization), but this optimization may lead to design initialization problems. To ensure the design works safely, you can:
   	- add an 'INIT' attribute on signal <current_state> (optimization is then done without any risk)
   	- use the attribute 'signal_encoding user' to avoid onehot optimization
   	- use the attribute 'safe_implementation yes' to force XST to perform a safe (but less efficient) optimization
INFO:Xst:2117 - HDL ADVISOR - Mux Selector <current_state> of Case statement line 44 was re-encoded using one-hot encoding. The case statement will be optimized (default statement optimization), but this optimization may lead to design initialization problems. To ensure the design works safely, you can:
   	- add an 'INIT' attribute on signal <current_state> (optimization is then done without any risk)
   	- use the attribute 'signal_encoding user' to avoid onehot optimization
   	- use the attribute 'safe_implementation yes' to force XST to perform a safe (but less efficient) optimization
    Found 3-bit register for signal <current_state>.
    Summary:
	inferred   3 D-type flip-flop(s).
Unit <laser_surgery_sys> synthesized.


=========================================================================
HDL Synthesis Report

Macro Statistics
# Registers                                            : 2
 3-bit register                                        : 1
 32-bit register                                       : 1
# Xors                                                 : 32
 1-bit xor3                                            : 32

=========================================================================

=========================================================================
*                       Advanced HDL Synthesis                          *
=========================================================================


=========================================================================
Advanced HDL Synthesis Report

Macro Statistics
# Registers                                            : 35
 Flip-Flops                                            : 35
# Xors                                                 : 32
 1-bit xor3                                            : 32

=========================================================================

=========================================================================
*                         Low Level Synthesis                           *
=========================================================================

Optimizing unit <laser_surgery_sys> ...

Optimizing unit <flopr> ...

Optimizing unit <addergen_st> ...

Optimizing unit <adder> ...

Mapping all equations...
Building and optimizing final netlist ...
Found area constraint ratio of 100 (+ 5) on block laser_surgery_sys, actual ratio is 3.

Final Macro Processing ...

=========================================================================
Final Register Report

Macro Statistics
# Registers                                            : 35
 Flip-Flops                                            : 35

=========================================================================

=========================================================================
*                           Partition Report                            *
=========================================================================

Partition Implementation Status
-------------------------------

  No Partitions were found in this design.

-------------------------------

=========================================================================
*                            Final Report                               *
=========================================================================
Final Results
RTL Top Level Output File Name     : laser_surgery_sys.ngr
Top Level Output File Name         : laser_surgery_sys
Output Format                      : NGC
Optimization Goal                  : Speed
Keep Hierarchy                     : No

Design Statistics
# IOs                              : 4

Cell Usage :
# BELS                             : 100
#      GND                         : 1
#      INV                         : 1
#      LUT2                        : 19
#      LUT2_L                      : 4
#      LUT3                        : 9
#      LUT3_D                      : 4
#      LUT3_L                      : 2
#      LUT4                        : 37
#      LUT4_D                      : 6
#      LUT4_L                      : 8
#      MUXCY                       : 8
#      VCC                         : 1
# FlipFlops/Latches                : 35
#      FD                          : 2
#      FDR                         : 32
#      FDS                         : 1
# Clock Buffers                    : 1
#      BUFGP                       : 1
# IO Buffers                       : 2
#      IBUF                        : 1
#      OBUF                        : 1
=========================================================================

Device utilization summary:
---------------------------

Selected Device : 3s100ecp132-5 

 Number of Slices:                       47  out of    960     4%  
 Number of Slice Flip Flops:             35  out of   1920     1%  
 Number of 4 input LUTs:                 90  out of   1920     4%  
 Number of IOs:                           4
 Number of bonded IOBs:                   3  out of     83     3%  
 Number of GCLKs:                         1  out of     24     4%  

---------------------------
Partition Resource Summary:
---------------------------

  No Partitions were found in this design.

---------------------------


=========================================================================
TIMING REPORT

NOTE: THESE TIMING NUMBERS ARE ONLY A SYNTHESIS ESTIMATE.
      FOR ACCURATE TIMING INFORMATION PLEASE REFER TO THE TRACE REPORT
      GENERATED AFTER PLACE-and-ROUTE.

Clock Information:
------------------
-----------------------------------+------------------------+-------+
Clock Signal                       | Clock buffer(FF name)  | Load  |
-----------------------------------+------------------------+-------+
clk                                | BUFGP                  | 35    |
-----------------------------------+------------------------+-------+

Asynchronous Control Signals Information:
----------------------------------------
No asynchronous control signals found in this design

Timing Summary:
---------------
Speed Grade: -5

   Minimum period: 9.003ns (Maximum Frequency: 111.079MHz)
   Minimum input arrival time before clock: 2.435ns
   Maximum output required time after clock: 4.134ns
   Maximum combinational path delay: No path found

Timing Detail:
--------------
All values displayed in nanoseconds (ns)

=========================================================================
Timing constraint: Default period analysis for Clock 'clk'
  Clock period: 9.003ns (frequency: 111.079MHz)
  Total number of paths / destination ports: 7570 / 68
-------------------------------------------------------------------------
Delay:               9.003ns (Levels of Logic = 11)
  Source:            timerst/c2/iq_0 (FF)
  Destination:       timerst/c2/iq_27 (FF)
  Source Clock:      clk rising
  Destination Clock: clk rising

  Data Path: timerst/c2/iq_0 to timerst/c2/iq_27
                                Gate     Net
    Cell:in->out      fanout   Delay   Delay  Logical Name (Net Name)
    ----------------------------------------  ------------
     FDR:C->Q              6   0.514   0.572  timerst/c2/iq_0 (timerst/c2/iq_0)
     LUT4_D:I3->LO         1   0.612   0.130  timerst/c1/nextval/blk[4].FA/Mxor_r_xo<0>11 (N76)
     LUT3:I2->O           12   0.612   0.820  timerst/c1/nextval/blk[6].FA/Mxor_r_xo<0>11 (timerst/c1/nextval/N18)
     LUT4_D:I3->O         10   0.612   0.753  timerst/c1/nextval/blk[18].FA/Mxor_r_xo<0>11 (timerst/c1/nextval/N3)
     LUT4:I3->O            2   0.612   0.383  timerst/c1/nextval/blk[27].FA/Mxor_r_xo<0>1 (timerst/c1/inextq<27>)
     LUT4:I3->O            1   0.612   0.000  timerst/c1/comparator/r_or0000_wg_lut<3> (timerst/c1/comparator/r_or0000_wg_lut<3>)
     MUXCY:S->O            1   0.404   0.000  timerst/c1/comparator/r_or0000_wg_cy<3> (timerst/c1/comparator/r_or0000_wg_cy<3>)
     MUXCY:CI->O           1   0.052   0.000  timerst/c1/comparator/r_or0000_wg_cy<4> (timerst/c1/comparator/r_or0000_wg_cy<4>)
     MUXCY:CI->O           1   0.052   0.000  timerst/c1/comparator/r_or0000_wg_cy<5> (timerst/c1/comparator/r_or0000_wg_cy<5>)
     MUXCY:CI->O           1   0.052   0.000  timerst/c1/comparator/r_or0000_wg_cy<6> (timerst/c1/comparator/r_or0000_wg_cy<6>)
     MUXCY:CI->O          15   0.400   0.933  timerst/c1/comparator/r_or0000_wg_cy<7> (timerst/c1/comparator/r_or0000)
     LUT2:I1->O            1   0.612   0.000  next_state<2>11 (next_state<2>1)
     FDS:D                     0.268          current_state_2
    ----------------------------------------
    Total                      9.003ns (5.412ns logic, 3.591ns route)
                                       (60.1% logic, 39.9% route)

=========================================================================
Timing constraint: Default OFFSET IN BEFORE for Clock 'clk'
  Total number of paths / destination ports: 2 / 2
-------------------------------------------------------------------------
Offset:              2.435ns (Levels of Logic = 2)
  Source:            b (PAD)
  Destination:       current_state_0 (FF)
  Destination Clock: clk rising

  Data Path: b to current_state_0
                                Gate     Net
    Cell:in->out      fanout   Delay   Delay  Logical Name (Net Name)
    ----------------------------------------  ------------
     IBUF:I->O             2   1.106   0.449  b_IBUF (b_IBUF)
     LUT2:I1->O            1   0.612   0.000  next_state<1>1 (next_state<1>)
     FD:D                      0.268          current_state_1
    ----------------------------------------
    Total                      2.435ns (1.986ns logic, 0.449ns route)
                                       (81.6% logic, 18.4% route)

=========================================================================
Timing constraint: Default OFFSET OUT AFTER for Clock 'clk'
  Total number of paths / destination ports: 1 / 1
-------------------------------------------------------------------------
Offset:              4.134ns (Levels of Logic = 1)
  Source:            current_state_2 (FF)
  Destination:       light (PAD)
  Source Clock:      clk rising

  Data Path: current_state_2 to light
                                Gate     Net
    Cell:in->out      fanout   Delay   Delay  Logical Name (Net Name)
    ----------------------------------------  ------------
     FDS:C->Q              3   0.514   0.451  current_state_2 (current_state_2)
     OBUF:I->O                 3.169          light_OBUF (light)
    ----------------------------------------
    Total                      4.134ns (3.683ns logic, 0.451ns route)
                                       (89.1% logic, 10.9% route)

=========================================================================


Total REAL time to Xst completion: 5.00 secs
Total CPU time to Xst completion: 5.09 secs
 
--> 

Total memory usage is 253232 kilobytes

Number of errors   :    0 (   0 filtered)
Number of warnings :    4 (   0 filtered)
Number of infos    :    3 (   0 filtered)

